{"name":"Runs Cucumber Scenarios","status":"broken","statusDetails":{"known":false,"muted":false,"flaky":false,"message":"Could not convert arguments for step [status code is \"(.*)\"*$] defined at 'steps.StepDefinitions.verifyStatusCode(int)'.","trace":"io.cucumber.core.exception.CucumberException: Could not convert arguments for step [status code is \"(.*)\"*$] defined at 'steps.StepDefinitions.verifyStatusCode(int)'.\n\tat io.cucumber.core.runner.PickleStepDefinitionMatch.couldNotConvertArguments(PickleStepDefinitionMatch.java:112)\n\tat io.cucumber.core.runner.PickleStepDefinitionMatch.runStep(PickleStepDefinitionMatch.java:56)\n\tat io.cucumber.core.runner.ExecutionMode$1.execute(ExecutionMode.java:10)\n\tat io.cucumber.core.runner.TestStep.executeStep(TestStep.java:92)\n\tat io.cucumber.core.runner.TestStep.run(TestStep.java:64)\n\tat io.cucumber.core.runner.PickleStepTestStep.run(PickleStepTestStep.java:51)\n\tat io.cucumber.core.runner.TestCase.run(TestCase.java:104)\n\tat io.cucumber.core.runner.Runner.runPickle(Runner.java:71)\n\tat io.cucumber.testng.TestNGCucumberRunner.lambda$runScenario$0(TestNGCucumberRunner.java:116)\n\tat io.cucumber.core.runtime.CucumberExecutionContext.runTestCase(CucumberExecutionContext.java:117)\n\tat io.cucumber.testng.TestNGCucumberRunner.runScenario(TestNGCucumberRunner.java:113)\n\tat io.cucumber.testng.AbstractTestNGCucumberTests.runScenario(AbstractTestNGCucumberTests.java:31)\n\tat sun.reflect.NativeMethodAccessorImpl.invoke0(Native Method)\n\tat sun.reflect.NativeMethodAccessorImpl.invoke(NativeMethodAccessorImpl.java:62)\n\tat sun.reflect.DelegatingMethodAccessorImpl.invoke(DelegatingMethodAccessorImpl.java:43)\n\tat java.lang.reflect.Method.invoke(Method.java:498)\n\tat org.testng.internal.MethodInvocationHelper.invokeMethod(MethodInvocationHelper.java:132)\n\tat org.testng.internal.TestInvoker.invokeMethod(TestInvoker.java:599)\n\tat org.testng.internal.TestInvoker.invokeTestMethod(TestInvoker.java:174)\n\tat org.testng.internal.MethodRunner.runInSequence(MethodRunner.java:46)\n\tat org.testng.internal.TestInvoker$MethodInvocationAgent.invoke(TestInvoker.java:822)\n\tat org.testng.internal.TestInvoker.invokeTestMethods(TestInvoker.java:147)\n\tat org.testng.internal.TestMethodWorker.invokeTestMethods(TestMethodWorker.java:146)\n\tat org.testng.internal.TestMethodWorker.run(TestMethodWorker.java:128)\n\tat java.util.ArrayList.forEach(ArrayList.java:1257)\n\tat org.testng.TestRunner.privateRun(TestRunner.java:764)\n\tat org.testng.TestRunner.run(TestRunner.java:585)\n\tat org.testng.SuiteRunner.runTest(SuiteRunner.java:384)\n\tat org.testng.SuiteRunner.runSequentially(SuiteRunner.java:378)\n\tat org.testng.SuiteRunner.privateRun(SuiteRunner.java:337)\n\tat org.testng.SuiteRunner.run(SuiteRunner.java:286)\n\tat org.testng.SuiteRunnerWorker.runSuite(SuiteRunnerWorker.java:53)\n\tat org.testng.SuiteRunnerWorker.run(SuiteRunnerWorker.java:96)\n\tat org.testng.TestNG.runSuitesSequentially(TestNG.java:1218)\n\tat org.testng.TestNG.runSuitesLocally(TestNG.java:1140)\n\tat org.testng.TestNG.runSuites(TestNG.java:1069)\n\tat org.testng.TestNG.run(TestNG.java:1037)\n\tat com.intellij.rt.testng.IDEARemoteTestNG.run(IDEARemoteTestNG.java:66)\n\tat com.intellij.rt.testng.RemoteTestNGStarter.main(RemoteTestNGStarter.java:110)\nCaused by: io.cucumber.cucumberexpressions.CucumberExpressionException: ParameterType {anonymous} failed to transform [200\"] to int\n\tat io.cucumber.cucumberexpressions.ParameterType.transform(ParameterType.java:237)\n\tat io.cucumber.cucumberexpressions.Argument.getValue(Argument.java:64)\n\tat io.cucumber.core.stepexpression.ExpressionArgument.getValue(ExpressionArgument.java:17)\n\tat io.cucumber.core.runner.PickleStepDefinitionMatch.runStep(PickleStepDefinitionMatch.java:47)\n\t... 37 more\nCaused by: java.lang.NumberFormatException: For input string: \"200\"\"\n\tat java.lang.NumberFormatException.forInputString(NumberFormatException.java:65)\n\tat java.lang.Integer.parseInt(Integer.java:580)\n\tat java.lang.Integer.valueOf(Integer.java:740)\n\tat java.lang.Integer.decode(Integer.java:1197)\n\tat io.cucumber.cucumberexpressions.BuiltInParameterTransformer.doTransform(BuiltInParameterTransformer.java:62)\n\tat io.cucumber.cucumberexpressions.BuiltInParameterTransformer.transform(BuiltInParameterTransformer.java:22)\n\tat io.cucumber.cucumberexpressions.RegularExpression.lambda$match$0(RegularExpression.java:66)\n\tat io.cucumber.cucumberexpressions.ParameterType$TransformerAdaptor.transform(ParameterType.java:268)\n\tat io.cucumber.cucumberexpressions.ParameterType.transform(ParameterType.java:233)\n\t... 40 more\n"},"stage":"finished","steps":[],"attachments":[],"parameters":[{"name":"arg1","value":"\"Optional[Get Lists]\""},{"name":"arg0","value":"\"Get All available Lists\""}],"start":1606803406803,"stop":1606803409582,"uuid":"2451b6b2-4a69-4d6a-90c4-8a9478073090","historyId":"17c6ca80355f35aa0291f751168236dc","fullName":"io.cucumber.testng.AbstractTestNGCucumberTests.runScenario","labels":[{"name":"package","value":"runner.ListRunnerTest"},{"name":"testClass","value":"runner.ListRunnerTest"},{"name":"testMethod","value":"runScenario"},{"name":"parentSuite","value":"Default Suite"},{"name":"suite","value":"PaypalCollections"},{"name":"subSuite","value":"runner.ListRunnerTest"},{"name":"host","value":"Stalins-MBP"},{"name":"thread","value":"59432@Stalins-MBP.main(1)"},{"name":"framework","value":"testng"},{"name":"language","value":"java"}],"links":[]}